2025-07-01 00:34:30,092 - business_agent - INFO - Fetching business information
2025-07-01 00:34:30,092 - business_agent - INFO - Executing database query: 
    SELECT 
        name, 
        industry, 
        revenue, 
        employees,
        founded,
        headquarters,
        customer_satisfaction
    FROM business_info 
    LIMIT 1
    
2025-07-01 00:34:30,094 - business_agent - INFO - Database query returned 1 results
2025-07-01 00:34:30,094 - business_agent - INFO - Fetching pending orders count
2025-07-01 00:34:30,094 - business_agent - INFO - Executing database query: SELECT COUNT(*) AS pending_count FROM orders WHERE status = 'pending'
2025-07-01 00:34:30,094 - business_agent - INFO - Database query returned 1 results
2025-07-01 00:35:09,781 - business_agent - INFO - Fetching business information
2025-07-01 00:35:09,787 - business_agent - INFO - Executing database query: 
    SELECT 
        name, 
        industry, 
        revenue, 
        employees,
        founded,
        headquarters,
        customer_satisfaction
    FROM business_info 
    LIMIT 1
    
2025-07-01 00:35:09,788 - business_agent - INFO - Database query returned 1 results
2025-07-01 00:35:09,806 - business_agent - INFO - Fetching pending orders count
2025-07-01 00:35:09,806 - business_agent - INFO - Executing database query: SELECT COUNT(*) AS pending_count FROM orders WHERE status = 'pending'
2025-07-01 00:35:09,807 - business_agent - INFO - Database query returned 1 results
2025-07-01 00:35:10,009 - business_agent - INFO - Fetching business information
2025-07-01 00:35:10,009 - business_agent - INFO - Executing database query: 
    SELECT 
        name, 
        industry, 
        revenue, 
        employees,
        founded,
        headquarters,
        customer_satisfaction
    FROM business_info 
    LIMIT 1
    
2025-07-01 00:35:10,009 - business_agent - INFO - Database query returned 1 results
2025-07-01 00:35:10,009 - business_agent - INFO - Fetching pending orders count
2025-07-01 00:35:10,009 - business_agent - INFO - Executing database query: SELECT COUNT(*) AS pending_count FROM orders WHERE status = 'pending'
2025-07-01 00:35:10,010 - business_agent - INFO - Database query returned 1 results
2025-07-01 00:35:10,884 - business_agent - INFO - Fetching business information
2025-07-01 00:35:10,884 - business_agent - INFO - Executing database query: 
    SELECT 
        name, 
        industry, 
        revenue, 
        employees,
        founded,
        headquarters,
        customer_satisfaction
    FROM business_info 
    LIMIT 1
    
2025-07-01 00:35:10,885 - business_agent - INFO - Database query returned 1 results
2025-07-01 00:35:10,885 - business_agent - INFO - Fetching pending orders count
2025-07-01 00:35:10,885 - business_agent - INFO - Executing database query: SELECT COUNT(*) AS pending_count FROM orders WHERE status = 'pending'
2025-07-01 00:35:10,886 - business_agent - INFO - Database query returned 1 results
2025-07-01 00:35:11,893 - business_agent - INFO - Fetching business information
2025-07-01 00:35:11,894 - business_agent - INFO - Executing database query: 
    SELECT 
        name, 
        industry, 
        revenue, 
        employees,
        founded,
        headquarters,
        customer_satisfaction
    FROM business_info 
    LIMIT 1
    
2025-07-01 00:35:11,895 - business_agent - INFO - Database query returned 1 results
2025-07-01 00:35:11,895 - business_agent - INFO - Fetching pending orders count
2025-07-01 00:35:11,895 - business_agent - INFO - Executing database query: SELECT COUNT(*) AS pending_count FROM orders WHERE status = 'pending'
2025-07-01 00:35:11,896 - business_agent - INFO - Database query returned 1 results
2025-07-01 00:35:18,004 - business_agent - INFO - Fetching business information
2025-07-01 00:35:18,004 - business_agent - INFO - Executing database query: 
    SELECT 
        name, 
        industry, 
        revenue, 
        employees,
        founded,
        headquarters,
        customer_satisfaction
    FROM business_info 
    LIMIT 1
    
2025-07-01 00:35:18,005 - business_agent - INFO - Database query returned 1 results
2025-07-01 00:35:18,005 - business_agent - INFO - Fetching pending orders count
2025-07-01 00:35:18,005 - business_agent - INFO - Executing database query: SELECT COUNT(*) AS pending_count FROM orders WHERE status = 'pending'
2025-07-01 00:35:18,006 - business_agent - INFO - Database query returned 1 results
2025-07-01 00:35:18,909 - business_agent - INFO - Fetching business information
2025-07-01 00:35:18,909 - business_agent - INFO - Executing database query: 
    SELECT 
        name, 
        industry, 
        revenue, 
        employees,
        founded,
        headquarters,
        customer_satisfaction
    FROM business_info 
    LIMIT 1
    
2025-07-01 00:35:18,910 - business_agent - INFO - Database query returned 1 results
2025-07-01 00:35:18,910 - business_agent - INFO - Fetching pending orders count
2025-07-01 00:35:18,910 - business_agent - INFO - Executing database query: SELECT COUNT(*) AS pending_count FROM orders WHERE status = 'pending'
2025-07-01 00:35:18,911 - business_agent - INFO - Database query returned 1 results
2025-07-01 00:37:00,887 - business_agent - INFO - Fetching business information
2025-07-01 00:37:00,888 - business_agent - INFO - Executing database query: 
    SELECT 
        name, 
        industry, 
        revenue, 
        employees,
        founded,
        headquarters,
        customer_satisfaction
    FROM business_info 
    LIMIT 1
    
2025-07-01 00:37:00,892 - business_agent - INFO - Database query returned 1 results
2025-07-01 00:37:00,892 - business_agent - INFO - Fetching pending orders count
2025-07-01 00:37:00,892 - business_agent - INFO - Executing database query: SELECT COUNT(*) AS pending_count FROM orders WHERE status = 'pending'
2025-07-01 00:37:00,896 - business_agent - INFO - Database query returned 1 results
2025-07-01 00:37:00,952 - business_agent - INFO - Fetching business information
2025-07-01 00:37:00,952 - business_agent - INFO - Executing database query: 
    SELECT 
        name, 
        industry, 
        revenue, 
        employees,
        founded,
        headquarters,
        customer_satisfaction
    FROM business_info 
    LIMIT 1
    
2025-07-01 00:37:00,953 - business_agent - INFO - Database query returned 1 results
2025-07-01 00:37:00,953 - business_agent - INFO - Fetching pending orders count
2025-07-01 00:37:00,953 - business_agent - INFO - Executing database query: SELECT COUNT(*) AS pending_count FROM orders WHERE status = 'pending'
2025-07-01 00:37:00,954 - business_agent - INFO - Database query returned 1 results
2025-07-01 00:37:01,204 - business_agent - INFO - Fetching business information
2025-07-01 00:37:01,204 - business_agent - INFO - Executing database query: 
    SELECT 
        name, 
        industry, 
        revenue, 
        employees,
        founded,
        headquarters,
        customer_satisfaction
    FROM business_info 
    LIMIT 1
    
2025-07-01 00:37:01,204 - business_agent - INFO - Fetching business information
2025-07-01 00:37:01,205 - business_agent - INFO - Database query returned 1 results
2025-07-01 00:37:01,205 - business_agent - INFO - Executing database query: 
    SELECT 
        name, 
        industry, 
        revenue, 
        employees,
        founded,
        headquarters,
        customer_satisfaction
    FROM business_info 
    LIMIT 1
    
2025-07-01 00:37:01,205 - business_agent - INFO - Fetching pending orders count
2025-07-01 00:37:01,205 - business_agent - INFO - Executing database query: SELECT COUNT(*) AS pending_count FROM orders WHERE status = 'pending'
2025-07-01 00:37:01,205 - business_agent - INFO - Database query returned 1 results
2025-07-01 00:37:01,205 - business_agent - INFO - Fetching pending orders count
2025-07-01 00:37:01,205 - business_agent - INFO - Executing database query: SELECT COUNT(*) AS pending_count FROM orders WHERE status = 'pending'
2025-07-01 00:37:01,205 - business_agent - INFO - Database query returned 1 results
2025-07-01 00:37:01,275 - business_agent - INFO - Database query returned 1 results
2025-07-01 00:37:01,564 - business_agent - INFO - Fetching business information
2025-07-01 00:37:01,564 - business_agent - INFO - Executing database query: 
    SELECT 
        name, 
        industry, 
        revenue, 
        employees,
        founded,
        headquarters,
        customer_satisfaction
    FROM business_info 
    LIMIT 1
    
2025-07-01 00:37:01,565 - business_agent - INFO - Database query returned 1 results
2025-07-01 00:37:01,565 - business_agent - INFO - Fetching pending orders count
2025-07-01 00:37:01,565 - business_agent - INFO - Executing database query: SELECT COUNT(*) AS pending_count FROM orders WHERE status = 'pending'
2025-07-01 00:37:01,565 - business_agent - INFO - Database query returned 1 results
2025-07-01 00:37:01,710 - business_agent - INFO - Fetching business information
2025-07-01 00:37:01,710 - business_agent - INFO - Executing database query: 
    SELECT 
        name, 
        industry, 
        revenue, 
        employees,
        founded,
        headquarters,
        customer_satisfaction
    FROM business_info 
    LIMIT 1
    
2025-07-01 00:37:01,748 - business_agent - INFO - Database query returned 1 results
2025-07-01 00:37:01,763 - business_agent - INFO - Fetching pending orders count
2025-07-01 00:37:01,793 - business_agent - INFO - Executing database query: SELECT COUNT(*) AS pending_count FROM orders WHERE status = 'pending'
2025-07-01 00:37:01,800 - business_agent - INFO - Database query returned 1 results
2025-07-01 00:37:02,052 - business_agent - INFO - Fetching business information
2025-07-01 00:37:02,052 - business_agent - INFO - Executing database query: 
    SELECT 
        name, 
        industry, 
        revenue, 
        employees,
        founded,
        headquarters,
        customer_satisfaction
    FROM business_info 
    LIMIT 1
    
2025-07-01 00:37:02,053 - business_agent - INFO - Database query returned 1 results
2025-07-01 00:37:02,053 - business_agent - INFO - Fetching pending orders count
2025-07-01 00:37:02,053 - business_agent - INFO - Executing database query: SELECT COUNT(*) AS pending_count FROM orders WHERE status = 'pending'
2025-07-01 00:37:02,054 - business_agent - INFO - Database query returned 1 results
2025-07-01 00:37:02,868 - business_agent - INFO - Fetching business information
2025-07-01 00:37:02,868 - business_agent - INFO - Executing database query: 
    SELECT 
        name, 
        industry, 
        revenue, 
        employees,
        founded,
        headquarters,
        customer_satisfaction
    FROM business_info 
    LIMIT 1
    
2025-07-01 00:37:02,870 - business_agent - INFO - Database query returned 1 results
2025-07-01 00:37:02,870 - business_agent - INFO - Fetching pending orders count
2025-07-01 00:37:02,870 - business_agent - INFO - Executing database query: SELECT COUNT(*) AS pending_count FROM orders WHERE status = 'pending'
2025-07-01 00:37:02,870 - business_agent - INFO - Database query returned 1 results
2025-07-01 00:37:26,250 - business_agent - INFO - Fetching business information
2025-07-01 00:37:26,251 - business_agent - INFO - Executing database query: 
    SELECT 
        name, 
        industry, 
        revenue, 
        employees,
        founded,
        headquarters,
        customer_satisfaction
    FROM business_info 
    LIMIT 1
    
2025-07-01 00:37:26,252 - business_agent - INFO - Database query returned 1 results
2025-07-01 00:37:26,252 - business_agent - INFO - Fetching pending orders count
2025-07-01 00:37:26,252 - business_agent - INFO - Executing database query: SELECT COUNT(*) AS pending_count FROM orders WHERE status = 'pending'
2025-07-01 00:37:26,252 - business_agent - INFO - Database query returned 1 results
2025-07-01 00:37:50,132 - business_agent - INFO - Fetching business information
2025-07-01 00:37:50,132 - business_agent - INFO - Executing database query: 
    SELECT 
        name, 
        industry, 
        revenue, 
        employees,
        founded,
        headquarters,
        customer_satisfaction
    FROM business_info 
    LIMIT 1
    
2025-07-01 00:37:50,135 - business_agent - INFO - Database query returned 1 results
2025-07-01 00:37:50,135 - business_agent - INFO - Fetching pending orders count
2025-07-01 00:37:50,135 - business_agent - INFO - Executing database query: SELECT COUNT(*) AS pending_count FROM orders WHERE status = 'pending'
2025-07-01 00:37:50,136 - business_agent - INFO - Database query returned 1 results
2025-07-01 00:37:50,348 - business_agent - INFO - Fetching business information
2025-07-01 00:37:50,348 - business_agent - INFO - Executing database query: 
    SELECT 
        name, 
        industry, 
        revenue, 
        employees,
        founded,
        headquarters,
        customer_satisfaction
    FROM business_info 
    LIMIT 1
    
2025-07-01 00:37:50,349 - business_agent - INFO - Database query returned 1 results
2025-07-01 00:37:50,349 - business_agent - INFO - Fetching pending orders count
2025-07-01 00:37:50,349 - business_agent - INFO - Executing database query: SELECT COUNT(*) AS pending_count FROM orders WHERE status = 'pending'
2025-07-01 00:37:50,349 - business_agent - INFO - Database query returned 1 results
2025-07-01 00:37:54,027 - business_agent - INFO - Fetching business information
2025-07-01 00:37:54,028 - business_agent - INFO - Executing database query: 
    SELECT 
        name, 
        industry, 
        revenue, 
        employees,
        founded,
        headquarters,
        customer_satisfaction
    FROM business_info 
    LIMIT 1
    
2025-07-01 00:37:54,030 - business_agent - INFO - Database query returned 1 results
2025-07-01 00:37:54,031 - business_agent - INFO - Fetching pending orders count
2025-07-01 00:37:54,031 - business_agent - INFO - Executing database query: SELECT COUNT(*) AS pending_count FROM orders WHERE status = 'pending'
2025-07-01 00:37:54,032 - business_agent - INFO - Database query returned 1 results
2025-07-01 00:37:54,040 - business_agent - INFO - Executing database query: SELECT name, price FROM products
2025-07-01 00:37:54,042 - business_agent - INFO - Database query returned 10 results
2025-07-01 00:37:58,935 - business_agent - INFO - Fetching business information
2025-07-01 00:37:58,936 - business_agent - INFO - Executing database query: 
    SELECT 
        name, 
        industry, 
        revenue, 
        employees,
        founded,
        headquarters,
        customer_satisfaction
    FROM business_info 
    LIMIT 1
    
2025-07-01 00:37:58,936 - business_agent - INFO - Database query returned 1 results
2025-07-01 00:37:58,936 - business_agent - INFO - Fetching pending orders count
2025-07-01 00:37:58,936 - business_agent - INFO - Executing database query: SELECT COUNT(*) AS pending_count FROM orders WHERE status = 'pending'
2025-07-01 00:37:58,937 - business_agent - INFO - Database query returned 1 results
2025-07-01 00:38:00,915 - business_agent - INFO - Fetching business information
2025-07-01 00:38:00,915 - business_agent - INFO - Executing database query: 
    SELECT 
        name, 
        industry, 
        revenue, 
        employees,
        founded,
        headquarters,
        customer_satisfaction
    FROM business_info 
    LIMIT 1
    
2025-07-01 00:38:00,916 - business_agent - INFO - Database query returned 1 results
2025-07-01 00:38:00,916 - business_agent - INFO - Fetching pending orders count
2025-07-01 00:38:00,916 - business_agent - INFO - Executing database query: SELECT COUNT(*) AS pending_count FROM orders WHERE status = 'pending'
2025-07-01 00:38:00,916 - business_agent - INFO - Database query returned 1 results
2025-07-01 00:38:01,052 - business_agent - INFO - Fetching business information
2025-07-01 00:38:01,052 - business_agent - INFO - Executing database query: 
    SELECT 
        name, 
        industry, 
        revenue, 
        employees,
        founded,
        headquarters,
        customer_satisfaction
    FROM business_info 
    LIMIT 1
    
2025-07-01 00:38:01,053 - business_agent - INFO - Database query returned 1 results
2025-07-01 00:38:01,053 - business_agent - INFO - Fetching pending orders count
2025-07-01 00:38:01,053 - business_agent - INFO - Executing database query: SELECT COUNT(*) AS pending_count FROM orders WHERE status = 'pending'
2025-07-01 00:38:01,054 - business_agent - INFO - Database query returned 1 results
2025-07-01 00:38:01,902 - business_agent - INFO - Fetching business information
2025-07-01 00:38:01,903 - business_agent - INFO - Executing database query: 
    SELECT 
        name, 
        industry, 
        revenue, 
        employees,
        founded,
        headquarters,
        customer_satisfaction
    FROM business_info 
    LIMIT 1
    
2025-07-01 00:38:01,904 - business_agent - INFO - Database query returned 1 results
2025-07-01 00:38:01,904 - business_agent - INFO - Fetching pending orders count
2025-07-01 00:38:01,904 - business_agent - INFO - Executing database query: SELECT COUNT(*) AS pending_count FROM orders WHERE status = 'pending'
2025-07-01 00:38:01,904 - business_agent - INFO - Database query returned 1 results
2025-07-01 00:38:02,024 - business_agent - INFO - Fetching business information
2025-07-01 00:38:02,024 - business_agent - INFO - Executing database query: 
    SELECT 
        name, 
        industry, 
        revenue, 
        employees,
        founded,
        headquarters,
        customer_satisfaction
    FROM business_info 
    LIMIT 1
    
2025-07-01 00:38:02,025 - business_agent - INFO - Database query returned 1 results
2025-07-01 00:38:02,025 - business_agent - INFO - Fetching pending orders count
2025-07-01 00:38:02,025 - business_agent - INFO - Executing database query: SELECT COUNT(*) AS pending_count FROM orders WHERE status = 'pending'
2025-07-01 00:38:02,025 - business_agent - INFO - Database query returned 1 results
2025-07-01 00:38:03,906 - business_agent - INFO - Fetching business information
2025-07-01 00:38:03,906 - business_agent - INFO - Executing database query: 
    SELECT 
        name, 
        industry, 
        revenue, 
        employees,
        founded,
        headquarters,
        customer_satisfaction
    FROM business_info 
    LIMIT 1
    
2025-07-01 00:38:03,907 - business_agent - INFO - Database query returned 1 results
2025-07-01 00:38:03,907 - business_agent - INFO - Fetching pending orders count
2025-07-01 00:38:03,907 - business_agent - INFO - Executing database query: SELECT COUNT(*) AS pending_count FROM orders WHERE status = 'pending'
2025-07-01 00:38:03,907 - business_agent - INFO - Database query returned 1 results
2025-07-01 00:38:06,986 - business_agent - INFO - Fetching business information
2025-07-01 00:38:06,987 - business_agent - INFO - Executing database query: 
    SELECT 
        name, 
        industry, 
        revenue, 
        employees,
        founded,
        headquarters,
        customer_satisfaction
    FROM business_info 
    LIMIT 1
    
2025-07-01 00:38:06,988 - business_agent - INFO - Database query returned 1 results
2025-07-01 00:38:06,988 - business_agent - INFO - Fetching pending orders count
2025-07-01 00:38:06,988 - business_agent - INFO - Executing database query: SELECT COUNT(*) AS pending_count FROM orders WHERE status = 'pending'
2025-07-01 00:38:06,989 - business_agent - INFO - Database query returned 1 results
2025-07-01 00:38:07,189 - business_agent - INFO - Fetching business information
2025-07-01 00:38:07,190 - business_agent - INFO - Executing database query: 
    SELECT 
        name, 
        industry, 
        revenue, 
        employees,
        founded,
        headquarters,
        customer_satisfaction
    FROM business_info 
    LIMIT 1
    
2025-07-01 00:38:07,190 - business_agent - INFO - Database query returned 1 results
2025-07-01 00:38:07,190 - business_agent - INFO - Fetching pending orders count
2025-07-01 00:38:07,190 - business_agent - INFO - Executing database query: SELECT COUNT(*) AS pending_count FROM orders WHERE status = 'pending'
2025-07-01 00:38:07,191 - business_agent - INFO - Database query returned 1 results
2025-07-01 00:38:07,193 - business_agent - INFO - Calling external API: Create Ticket with parameters: {'priority': 'high'}
2025-07-01 00:38:07,207 - business_agent - ERROR - API call failed: 403 Client Error: Forbidden for url: http://localhost:5000/Create%20Ticket
2025-07-01 00:38:07,984 - business_agent - INFO - Fetching business information
2025-07-01 00:38:07,985 - business_agent - INFO - Executing database query: 
    SELECT 
        name, 
        industry, 
        revenue, 
        employees,
        founded,
        headquarters,
        customer_satisfaction
    FROM business_info 
    LIMIT 1
    
2025-07-01 00:38:07,986 - business_agent - INFO - Database query returned 1 results
2025-07-01 00:38:07,986 - business_agent - INFO - Fetching pending orders count
2025-07-01 00:38:07,986 - business_agent - INFO - Executing database query: SELECT COUNT(*) AS pending_count FROM orders WHERE status = 'pending'
2025-07-01 00:38:07,987 - business_agent - INFO - Database query returned 1 results
2025-07-01 00:38:13,718 - business_agent - INFO - Fetching business information
2025-07-01 00:38:13,718 - business_agent - INFO - Executing database query: 
    SELECT 
        name, 
        industry, 
        revenue, 
        employees,
        founded,
        headquarters,
        customer_satisfaction
    FROM business_info 
    LIMIT 1
    
2025-07-01 00:38:13,719 - business_agent - INFO - Database query returned 1 results
2025-07-01 00:38:13,719 - business_agent - INFO - Fetching pending orders count
2025-07-01 00:38:13,719 - business_agent - INFO - Executing database query: SELECT COUNT(*) AS pending_count FROM orders WHERE status = 'pending'
2025-07-01 00:38:13,720 - business_agent - INFO - Database query returned 1 results
2025-07-01 00:38:19,230 - business_agent - INFO - Fetching business information
2025-07-01 00:38:19,231 - business_agent - INFO - Executing database query: 
    SELECT 
        name, 
        industry, 
        revenue, 
        employees,
        founded,
        headquarters,
        customer_satisfaction
    FROM business_info 
    LIMIT 1
    
2025-07-01 00:38:19,232 - business_agent - INFO - Database query returned 1 results
2025-07-01 00:38:19,232 - business_agent - INFO - Fetching pending orders count
2025-07-01 00:38:19,232 - business_agent - INFO - Executing database query: SELECT COUNT(*) AS pending_count FROM orders WHERE status = 'pending'
2025-07-01 00:38:19,232 - business_agent - INFO - Database query returned 1 results
2025-07-01 00:39:04,905 - business_agent - INFO - Fetching business information
2025-07-01 00:39:04,906 - business_agent - INFO - Executing database query: 
    SELECT 
        name, 
        industry, 
        revenue, 
        employees,
        founded,
        headquarters,
        customer_satisfaction
    FROM business_info 
    LIMIT 1
    
2025-07-01 00:39:04,907 - business_agent - INFO - Database query returned 1 results
2025-07-01 00:39:04,907 - business_agent - INFO - Fetching pending orders count
2025-07-01 00:39:04,907 - business_agent - INFO - Executing database query: SELECT COUNT(*) AS pending_count FROM orders WHERE status = 'pending'
2025-07-01 00:39:04,908 - business_agent - INFO - Database query returned 1 results
2025-07-01 00:39:05,088 - business_agent - INFO - Fetching business information
2025-07-01 00:39:05,088 - business_agent - INFO - Executing database query: 
    SELECT 
        name, 
        industry, 
        revenue, 
        employees,
        founded,
        headquarters,
        customer_satisfaction
    FROM business_info 
    LIMIT 1
    
2025-07-01 00:39:05,088 - business_agent - INFO - Database query returned 1 results
2025-07-01 00:39:05,088 - business_agent - INFO - Fetching pending orders count
2025-07-01 00:39:05,088 - business_agent - INFO - Executing database query: SELECT COUNT(*) AS pending_count FROM orders WHERE status = 'pending'
2025-07-01 00:39:05,088 - business_agent - INFO - Database query returned 1 results
2025-07-01 00:39:05,932 - business_agent - INFO - Fetching business information
2025-07-01 00:39:05,933 - business_agent - INFO - Executing database query: 
    SELECT 
        name, 
        industry, 
        revenue, 
        employees,
        founded,
        headquarters,
        customer_satisfaction
    FROM business_info 
    LIMIT 1
    
2025-07-01 00:39:05,934 - business_agent - INFO - Database query returned 1 results
2025-07-01 00:39:05,934 - business_agent - INFO - Fetching pending orders count
2025-07-01 00:39:05,934 - business_agent - INFO - Executing database query: SELECT COUNT(*) AS pending_count FROM orders WHERE status = 'pending'
2025-07-01 00:39:05,934 - business_agent - INFO - Database query returned 1 results
2025-07-01 00:39:06,943 - business_agent - INFO - Fetching business information
2025-07-01 00:39:06,944 - business_agent - INFO - Executing database query: 
    SELECT 
        name, 
        industry, 
        revenue, 
        employees,
        founded,
        headquarters,
        customer_satisfaction
    FROM business_info 
    LIMIT 1
    
2025-07-01 00:39:06,944 - business_agent - INFO - Database query returned 1 results
2025-07-01 00:39:06,945 - business_agent - INFO - Fetching pending orders count
2025-07-01 00:39:06,945 - business_agent - INFO - Executing database query: SELECT COUNT(*) AS pending_count FROM orders WHERE status = 'pending'
2025-07-01 00:39:06,945 - business_agent - INFO - Database query returned 1 results
2025-07-01 00:39:07,111 - business_agent - INFO - Fetching business information
2025-07-01 00:39:07,111 - business_agent - INFO - Executing database query: 
    SELECT 
        name, 
        industry, 
        revenue, 
        employees,
        founded,
        headquarters,
        customer_satisfaction
    FROM business_info 
    LIMIT 1
    
2025-07-01 00:39:07,111 - business_agent - INFO - Database query returned 1 results
2025-07-01 00:39:07,111 - business_agent - INFO - Fetching pending orders count
2025-07-01 00:39:07,111 - business_agent - INFO - Executing database query: SELECT COUNT(*) AS pending_count FROM orders WHERE status = 'pending'
2025-07-01 00:39:07,111 - business_agent - INFO - Database query returned 1 results
2025-07-01 00:39:07,229 - business_agent - INFO - Fetching business information
2025-07-01 00:39:07,230 - business_agent - INFO - Executing database query: 
    SELECT 
        name, 
        industry, 
        revenue, 
        employees,
        founded,
        headquarters,
        customer_satisfaction
    FROM business_info 
    LIMIT 1
    
2025-07-01 00:39:07,231 - business_agent - INFO - Database query returned 1 results
2025-07-01 00:39:07,231 - business_agent - INFO - Fetching pending orders count
2025-07-01 00:39:07,231 - business_agent - INFO - Executing database query: SELECT COUNT(*) AS pending_count FROM orders WHERE status = 'pending'
2025-07-01 00:39:07,231 - business_agent - INFO - Database query returned 1 results
2025-07-01 00:39:07,937 - business_agent - INFO - Fetching business information
2025-07-01 00:39:07,938 - business_agent - INFO - Executing database query: 
    SELECT 
        name, 
        industry, 
        revenue, 
        employees,
        founded,
        headquarters,
        customer_satisfaction
    FROM business_info 
    LIMIT 1
    
2025-07-01 00:39:07,939 - business_agent - INFO - Database query returned 1 results
2025-07-01 00:39:07,939 - business_agent - INFO - Fetching pending orders count
2025-07-01 00:39:07,939 - business_agent - INFO - Executing database query: SELECT COUNT(*) AS pending_count FROM orders WHERE status = 'pending'
2025-07-01 00:39:07,940 - business_agent - INFO - Database query returned 1 results
2025-07-01 00:39:09,019 - business_agent - INFO - Fetching business information
2025-07-01 00:39:09,020 - business_agent - INFO - Executing database query: 
    SELECT 
        name, 
        industry, 
        revenue, 
        employees,
        founded,
        headquarters,
        customer_satisfaction
    FROM business_info 
    LIMIT 1
    
2025-07-01 00:39:09,021 - business_agent - INFO - Database query returned 1 results
2025-07-01 00:39:09,021 - business_agent - INFO - Fetching pending orders count
2025-07-01 00:39:09,021 - business_agent - INFO - Executing database query: SELECT COUNT(*) AS pending_count FROM orders WHERE status = 'pending'
2025-07-01 00:39:09,022 - business_agent - INFO - Database query returned 1 results
2025-07-01 00:39:09,153 - business_agent - INFO - Fetching business information
2025-07-01 00:39:09,153 - business_agent - INFO - Executing database query: 
    SELECT 
        name, 
        industry, 
        revenue, 
        employees,
        founded,
        headquarters,
        customer_satisfaction
    FROM business_info 
    LIMIT 1
    
2025-07-01 00:39:09,153 - business_agent - INFO - Database query returned 1 results
2025-07-01 00:39:09,153 - business_agent - INFO - Fetching pending orders count
2025-07-01 00:39:09,154 - business_agent - INFO - Executing database query: SELECT COUNT(*) AS pending_count FROM orders WHERE status = 'pending'
2025-07-01 00:39:09,154 - business_agent - INFO - Database query returned 1 results
2025-07-01 00:39:10,023 - business_agent - INFO - Fetching business information
2025-07-01 00:39:10,023 - business_agent - INFO - Executing database query: 
    SELECT 
        name, 
        industry, 
        revenue, 
        employees,
        founded,
        headquarters,
        customer_satisfaction
    FROM business_info 
    LIMIT 1
    
2025-07-01 00:39:10,025 - business_agent - INFO - Database query returned 1 results
2025-07-01 00:39:10,025 - business_agent - INFO - Fetching pending orders count
2025-07-01 00:39:10,025 - business_agent - INFO - Executing database query: SELECT COUNT(*) AS pending_count FROM orders WHERE status = 'pending'
2025-07-01 00:39:10,026 - business_agent - INFO - Database query returned 1 results
2025-07-01 00:39:25,435 - business_agent - INFO - Fetching business information
2025-07-01 00:39:25,436 - business_agent - INFO - Executing database query: 
    SELECT 
        name, 
        industry, 
        revenue, 
        employees,
        founded,
        headquarters,
        customer_satisfaction
    FROM business_info 
    LIMIT 1
    
2025-07-01 00:39:25,437 - business_agent - INFO - Database query returned 1 results
2025-07-01 00:39:25,437 - business_agent - INFO - Fetching pending orders count
2025-07-01 00:39:25,437 - business_agent - INFO - Executing database query: SELECT COUNT(*) AS pending_count FROM orders WHERE status = 'pending'
2025-07-01 00:39:25,438 - business_agent - INFO - Database query returned 1 results
2025-07-01 00:48:35,281 - business_agent - INFO - Fetching business information
2025-07-01 00:48:35,285 - business_agent - INFO - Executing database query: 
    SELECT 
        name, 
        industry, 
        revenue, 
        employees,
        founded,
        headquarters,
        customer_satisfaction
    FROM business_info 
    LIMIT 1
    
2025-07-01 00:48:35,286 - business_agent - INFO - Database query returned 1 results
2025-07-01 00:48:35,293 - business_agent - INFO - Fetching pending orders count
2025-07-01 00:48:35,293 - business_agent - INFO - Executing database query: SELECT COUNT(*) AS pending_count FROM orders WHERE status = 'pending'
2025-07-01 00:48:35,293 - business_agent - INFO - Database query returned 1 results
2025-07-01 00:49:10,958 - business_agent - INFO - Fetching business information
2025-07-01 00:49:10,959 - business_agent - INFO - Executing database query: 
    SELECT 
        name, 
        industry, 
        revenue, 
        employees,
        founded,
        headquarters,
        customer_satisfaction
    FROM business_info 
    LIMIT 1
    
2025-07-01 00:49:10,963 - business_agent - INFO - Fetching business information
2025-07-01 00:49:10,963 - business_agent - INFO - Database query returned 1 results
2025-07-01 00:49:10,964 - business_agent - INFO - Executing database query: 
    SELECT 
        name, 
        industry, 
        revenue, 
        employees,
        founded,
        headquarters,
        customer_satisfaction
    FROM business_info 
    LIMIT 1
    
2025-07-01 00:49:10,964 - business_agent - INFO - Fetching pending orders count
2025-07-01 00:49:10,964 - business_agent - INFO - Executing database query: SELECT COUNT(*) AS pending_count FROM orders WHERE status = 'pending'
2025-07-01 00:49:10,965 - business_agent - INFO - Database query returned 1 results
2025-07-01 00:49:10,965 - business_agent - INFO - Database query returned 1 results
2025-07-01 00:49:10,965 - business_agent - INFO - Fetching pending orders count
2025-07-01 00:49:10,966 - business_agent - INFO - Executing database query: SELECT COUNT(*) AS pending_count FROM orders WHERE status = 'pending'
2025-07-01 00:49:11,082 - business_agent - INFO - Database query returned 1 results
2025-07-01 00:49:11,233 - business_agent - INFO - Fetching business information
2025-07-01 00:49:11,233 - business_agent - INFO - Executing database query: 
    SELECT 
        name, 
        industry, 
        revenue, 
        employees,
        founded,
        headquarters,
        customer_satisfaction
    FROM business_info 
    LIMIT 1
    
2025-07-01 00:49:11,234 - business_agent - INFO - Database query returned 1 results
2025-07-01 00:49:11,234 - business_agent - INFO - Fetching pending orders count
2025-07-01 00:49:11,234 - business_agent - INFO - Executing database query: SELECT COUNT(*) AS pending_count FROM orders WHERE status = 'pending'
2025-07-01 00:49:11,234 - business_agent - INFO - Database query returned 1 results
2025-07-01 00:49:11,936 - business_agent - INFO - Fetching business information
2025-07-01 00:49:11,936 - business_agent - INFO - Executing database query: 
    SELECT 
        name, 
        industry, 
        revenue, 
        employees,
        founded,
        headquarters,
        customer_satisfaction
    FROM business_info 
    LIMIT 1
    
2025-07-01 00:49:11,937 - business_agent - INFO - Database query returned 1 results
2025-07-01 00:49:11,937 - business_agent - INFO - Fetching pending orders count
2025-07-01 00:49:11,937 - business_agent - INFO - Executing database query: SELECT COUNT(*) AS pending_count FROM orders WHERE status = 'pending'
2025-07-01 00:49:11,938 - business_agent - INFO - Database query returned 1 results
2025-07-01 00:49:12,105 - business_agent - INFO - Fetching business information
2025-07-01 00:49:12,105 - business_agent - INFO - Executing database query: 
    SELECT 
        name, 
        industry, 
        revenue, 
        employees,
        founded,
        headquarters,
        customer_satisfaction
    FROM business_info 
    LIMIT 1
    
2025-07-01 00:49:12,105 - business_agent - INFO - Database query returned 1 results
2025-07-01 00:49:12,105 - business_agent - INFO - Fetching pending orders count
2025-07-01 00:49:12,105 - business_agent - INFO - Executing database query: SELECT COUNT(*) AS pending_count FROM orders WHERE status = 'pending'
2025-07-01 00:49:12,106 - business_agent - INFO - Database query returned 1 results
2025-07-01 00:49:12,228 - business_agent - INFO - Fetching business information
2025-07-01 00:49:12,229 - business_agent - INFO - Executing database query: 
    SELECT 
        name, 
        industry, 
        revenue, 
        employees,
        founded,
        headquarters,
        customer_satisfaction
    FROM business_info 
    LIMIT 1
    
2025-07-01 00:49:12,229 - business_agent - INFO - Database query returned 1 results
2025-07-01 00:49:12,229 - business_agent - INFO - Fetching pending orders count
2025-07-01 00:49:12,229 - business_agent - INFO - Executing database query: SELECT COUNT(*) AS pending_count FROM orders WHERE status = 'pending'
2025-07-01 00:49:12,230 - business_agent - INFO - Database query returned 1 results
2025-07-01 00:49:12,936 - business_agent - INFO - Fetching business information
2025-07-01 00:49:12,937 - business_agent - INFO - Executing database query: 
    SELECT 
        name, 
        industry, 
        revenue, 
        employees,
        founded,
        headquarters,
        customer_satisfaction
    FROM business_info 
    LIMIT 1
    
2025-07-01 00:49:12,937 - business_agent - INFO - Database query returned 1 results
2025-07-01 00:49:12,937 - business_agent - INFO - Fetching pending orders count
2025-07-01 00:49:12,937 - business_agent - INFO - Executing database query: SELECT COUNT(*) AS pending_count FROM orders WHERE status = 'pending'
2025-07-01 00:49:12,938 - business_agent - INFO - Database query returned 1 results
2025-07-01 00:49:19,924 - business_agent - INFO - Fetching business information
2025-07-01 00:49:19,925 - business_agent - INFO - Executing database query: 
    SELECT 
        name, 
        industry, 
        revenue, 
        employees,
        founded,
        headquarters,
        customer_satisfaction
    FROM business_info 
    LIMIT 1
    
2025-07-01 00:49:19,926 - business_agent - INFO - Database query returned 1 results
2025-07-01 00:49:19,926 - business_agent - INFO - Fetching pending orders count
2025-07-01 00:49:19,926 - business_agent - INFO - Executing database query: SELECT COUNT(*) AS pending_count FROM orders WHERE status = 'pending'
2025-07-01 00:49:19,926 - business_agent - INFO - Database query returned 1 results
2025-07-01 00:49:21,900 - business_agent - INFO - Fetching business information
2025-07-01 00:49:21,901 - business_agent - INFO - Executing database query: 
    SELECT 
        name, 
        industry, 
        revenue, 
        employees,
        founded,
        headquarters,
        customer_satisfaction
    FROM business_info 
    LIMIT 1
    
2025-07-01 00:49:21,901 - business_agent - INFO - Database query returned 1 results
2025-07-01 00:49:21,902 - business_agent - INFO - Fetching pending orders count
2025-07-01 00:49:21,902 - business_agent - INFO - Executing database query: SELECT COUNT(*) AS pending_count FROM orders WHERE status = 'pending'
2025-07-01 00:49:21,902 - business_agent - INFO - Database query returned 1 results
2025-07-01 00:49:23,007 - business_agent - INFO - Fetching business information
2025-07-01 00:49:23,008 - business_agent - INFO - Executing database query: 
    SELECT 
        name, 
        industry, 
        revenue, 
        employees,
        founded,
        headquarters,
        customer_satisfaction
    FROM business_info 
    LIMIT 1
    
2025-07-01 00:49:23,009 - business_agent - INFO - Database query returned 1 results
2025-07-01 00:49:23,009 - business_agent - INFO - Fetching pending orders count
2025-07-01 00:49:23,009 - business_agent - INFO - Executing database query: SELECT COUNT(*) AS pending_count FROM orders WHERE status = 'pending'
2025-07-01 00:49:23,010 - business_agent - INFO - Database query returned 1 results
2025-07-01 01:29:34,172 - business_agent - INFO - Fetching business information
2025-07-01 01:29:34,173 - business_agent - INFO - Executing database query: 
    SELECT 
        name, 
        industry, 
        revenue, 
        employees,
        founded,
        headquarters,
        customer_satisfaction
    FROM business_info 
    LIMIT 1
    
2025-07-01 01:29:34,174 - business_agent - INFO - Database query returned 1 results
2025-07-01 01:29:34,174 - business_agent - INFO - Fetching pending orders count
2025-07-01 01:29:34,174 - business_agent - INFO - Executing database query: SELECT COUNT(*) AS pending_count FROM orders WHERE status = 'pending'
2025-07-01 01:29:34,174 - business_agent - INFO - Database query returned 1 results
2025-07-01 01:29:39,317 - business_agent - INFO - Fetching business information
2025-07-01 01:29:39,317 - business_agent - INFO - Executing database query: 
    SELECT 
        name, 
        industry, 
        revenue, 
        employees,
        founded,
        headquarters,
        customer_satisfaction
    FROM business_info 
    LIMIT 1
    
2025-07-01 01:29:39,318 - business_agent - INFO - Database query returned 1 results
2025-07-01 01:29:39,318 - business_agent - INFO - Fetching pending orders count
2025-07-01 01:29:39,318 - business_agent - INFO - Executing database query: SELECT COUNT(*) AS pending_count FROM orders WHERE status = 'pending'
2025-07-01 01:29:39,319 - business_agent - INFO - Database query returned 1 results
